[debug] [2024-12-06T04:40:13.167Z] : 
[debug] [2024-12-06T04:40:13.169Z] : ----------------------------------------------------------------------
[debug] [2024-12-06T04:40:13.169Z] : Command:      C:\Program Files\nodejs\node.exe C:\Users\kathi\AppData\Roaming\npm\node_modules\zcatalyst-cli\lib\bin\catalyst.js serve
[debug] [2024-12-06T04:40:13.169Z] : CLI Version:  1.17.6
[debug] [2024-12-06T04:40:13.170Z] : Platform:     win32
[debug] [2024-12-06T04:40:13.170Z] : Node Version: v20.15.1
[debug] [2024-12-06T04:40:13.170Z] : Time:         Fri Dec 06 2024 10:10:13 GMT+0530 (India Standard Time)
[debug] [2024-12-06T04:40:13.170Z] : ----------------------------------------------------------------------
[debug] [2024-12-06T04:40:13.171Z] : 
[debug] [2024-12-06T04:40:13.892Z] : > authorizing via signed-in user option
[debug] [2024-12-06T04:40:13.893Z] : > command requires scopes: ["ZohoCatalyst.projects.ALL","ZohoCatalyst.functions.ALL","ZohoCatalyst.functions.EXECUTE","ZohoCatalyst.webapp.ALL","ZohoCatalyst.pdfshot.execute","ZohoCatalyst.authentication.CREATE"]
[debug] [2024-12-06T04:40:13.905Z] : >>>> HTTP REQUEST : GET https://api.catalyst.zoho.in/baas/v1/project/10479000000007080 

[debug] [2024-12-06T04:40:14.491Z] : <<<< HTTP RESPONSE : 200
Response Headers: {"server":"ZGS","date":"Fri, 06 Dec 2024 04:39:52 GMT","content-type":"application/vnd.catalyst.v2+json","transfer-encoding":"chunked","connection":"keep-alive","set-cookie":["zalb_3a750b85f1=99131cfabfda186b4fe68a16fb8fedd6; Path=/; Secure; HttpOnly","ZD_CSRF_TOKEN=0a5f9139-21a2-449c-bb1b-c6e04982cdc5;path=/;SameSite=None;Secure;priority=high","_zcsr_tmp=0a5f9139-21a2-449c-bb1b-c6e04982cdc5;path=/;SameSite=Strict;Secure;priority=high"],"x-content-type-options":"nosniff","x-xss-protection":"1","cache-control":"private,no-cache,no-store,max-age=0,must-revalidate","pragma":"no-cache","expires":"Thu, 01 Jan 1970 00:00:00 GMT","x-frame-options":"DENY","strict-transport-security":"max-age=63072000"}

[debug] [2024-12-06T04:40:14.499Z] : >>>> HTTP REQUEST : GET https://api.catalyst.zoho.in/baas/v1/project/10479000000007080/environment 

[debug] [2024-12-06T04:40:14.591Z] : <<<< HTTP RESPONSE : 200
Response Headers: {"server":"ZGS","date":"Fri, 06 Dec 2024 04:39:52 GMT","content-type":"application/vnd.catalyst.v2+json","transfer-encoding":"chunked","connection":"keep-alive","set-cookie":["zalb_3a750b85f1=7c58023b2365c117e2ff9b6feb09efa2; Path=/; Secure; HttpOnly","ZD_CSRF_TOKEN=892953cc-fc93-4378-8651-e8b00fbf1d06;path=/;SameSite=None;Secure;priority=high","_zcsr_tmp=892953cc-fc93-4378-8651-e8b00fbf1d06;path=/;SameSite=Strict;Secure;priority=high"],"x-content-type-options":"nosniff","x-xss-protection":"1","cache-control":"private,no-cache,no-store,max-age=0,must-revalidate","pragma":"no-cache","expires":"Thu, 01 Jan 1970 00:00:00 GMT","x-frame-options":"DENY","strict-transport-security":"max-age=63072000"}

[debug] [2024-12-06T04:40:14.840Z] : >>>> HTTP REQUEST : GET https://api.catalyst.zoho.in/baas/v1/project/10479000000007080/function 
Query params: {"type":"basicio,event,cron,applogic,integration,browser_logic"}

[debug] [2024-12-06T04:40:14.946Z] : <<<< HTTP RESPONSE : 200
Response Headers: {"server":"ZGS","date":"Fri, 06 Dec 2024 04:39:52 GMT","content-type":"application/vnd.catalyst.v2+json","transfer-encoding":"chunked","connection":"keep-alive","set-cookie":["zalb_3a750b85f1=99131cfabfda186b4fe68a16fb8fedd6; Path=/; Secure; HttpOnly","ZD_CSRF_TOKEN=fb82ac25-0fcc-49fc-a222-c07a0cc255eb;path=/;SameSite=None;Secure;priority=high","_zcsr_tmp=fb82ac25-0fcc-49fc-a222-c07a0cc255eb;path=/;SameSite=Strict;Secure;priority=high"],"x-content-type-options":"nosniff","x-xss-protection":"1","cache-control":"private,no-cache,no-store,max-age=0,must-revalidate","pragma":"no-cache","expires":"Thu, 01 Jan 1970 00:00:00 GMT","x-frame-options":"DENY","strict-transport-security":"max-age=63072000"}

[debug] [2024-12-06T04:40:14.951Z] : unknown eol undefined hence skipping check
[info] [2024-12-06T04:40:17.234Z] : 
[info] [2024-12-06T04:40:17.234Z] :  >>>>>>>>>>>>> AdvancedIO <<<<<<<<<<<< 
[info] [2024-12-06T04:40:17.235Z] : i todoservices: http://localhost:3000/server/todoservices/
[info] [2024-12-06T04:40:17.235Z] : 
[info] [2024-12-06T04:40:17.235Z] : 
[info] [2024-12-06T04:40:17.236Z] :  >>>>>>>>>>>>> Web Client <<<<<<<<<<<<
[info] [2024-12-06T04:40:17.236Z] : i client[webclient]: http://localhost:3000/app/
[info] [2024-12-06T04:40:17.236Z] : 
[info] [2024-12-06T04:41:27.249Z] : Change(s) is detected in main.js of the Web-Client.
[info] [2024-12-06T04:42:46.395Z] : Change(s) is detected in main.js of the Web-Client.
[info] [2024-12-06T04:42:55.046Z] : Change(s) is detected in main.js of the Web-Client.
[info] [2024-12-06T04:43:18.202Z] : Change(s) is detected in main.js of the Web-Client.
[info] [2024-12-06T04:58:26.415Z] : Change(s) is detected in index.html of the Web-Client.
[info] [2024-12-06T04:58:31.690Z] : Change(s) is detected in index.html of the Web-Client.
[info] [2024-12-06T05:01:30.961Z] : Change(s) is detected in index.html of the Web-Client.
[info] [2024-12-06T05:01:35.306Z] : Change(s) is detected in index.html of the Web-Client.
[info] [2024-12-06T05:03:09.596Z] : Change(s) is detected in index.html of the Web-Client.
[info] [2024-12-06T05:03:18.382Z] : Change(s) is detected in index.html of the Web-Client.
[info] [2024-12-06T05:03:24.422Z] : Change(s) is detected in index.html of the Web-Client.
[info] [2024-12-06T05:03:30.221Z] : Change(s) is detected in index.html of the Web-Client.
[info] [2024-12-06T05:06:09.608Z] : Change(s) is detected in index.html of the Web-Client.
[info] [2024-12-06T05:06:33.948Z] : Change(s) is detected in index.html of the Web-Client.
[info] [2024-12-06T05:06:37.954Z] : Change(s) is detected in index.html of the Web-Client.
[info] [2024-12-06T05:06:48.614Z] : Change(s) is detected in index.html of the Web-Client.
[info] [2024-12-06T05:06:51.205Z] : Change(s) is detected in index.html of the Web-Client.
[info] [2024-12-06T05:06:55.507Z] : Change(s) is detected in index.html of the Web-Client.
[info] [2024-12-06T05:06:57.519Z] : Change(s) is detected in index.html of the Web-Client.
[info] [2024-12-06T05:07:01.730Z] : Change(s) is detected in index.html of the Web-Client.
[info] [2024-12-06T05:07:05.473Z] : Change(s) is detected in index.html of the Web-Client.
[info] [2024-12-06T05:07:07.312Z] : Change(s) is detected in index.html of the Web-Client.
[info] [2024-12-06T05:07:10.190Z] : Change(s) is detected in index.html of the Web-Client.
[info] [2024-12-06T05:10:55.359Z] : Change(s) is detected in index.html of the Web-Client.
[info] [2024-12-06T05:11:00.615Z] : Change(s) is detected in index.html of the Web-Client.
[info] [2024-12-06T05:13:14.641Z] : Change(s) is detected in index.html of the Web-Client.
[info] [2024-12-06T05:13:20.475Z] : Change(s) is detected in index.html of the Web-Client.
[info] [2024-12-06T05:13:23.152Z] : Change(s) is detected in index.html of the Web-Client.
[info] [2024-12-06T05:13:29.570Z] : Change(s) is detected in index.html of the Web-Client.
[info] [2024-12-06T05:13:37.912Z] : Change(s) is detected in index.html of the Web-Client.
[info] [2024-12-06T05:13:44.859Z] : Change(s) is detected in index.html of the Web-Client.
[info] [2024-12-06T05:13:50.840Z] : Change(s) is detected in index.html of the Web-Client.
[info] [2024-12-06T05:21:01.724Z] : Change(s) is detected in index.html of the Web-Client.
[info] [2024-12-06T05:21:10.625Z] : Change(s) is detected in index.html of the Web-Client.
[info] [2024-12-06T05:21:26.111Z] : Change(s) is detected in main.css of the Web-Client.
[info] [2024-12-06T05:21:28.359Z] : Change(s) is detected in main.css of the Web-Client.
[info] [2024-12-06T05:21:32.264Z] : Change(s) is detected in main.css of the Web-Client.
[info] [2024-12-06T05:21:35.440Z] : Change(s) is detected in main.css of the Web-Client.
[info] [2024-12-06T05:21:43.771Z] : Change(s) is detected in main.css of the Web-Client.
[info] [2024-12-06T05:21:45.138Z] : Change(s) is detected in main.css of the Web-Client.
[info] [2024-12-06T05:21:47.646Z] : Change(s) is detected in main.css of the Web-Client.
[info] [2024-12-06T05:21:53.017Z] : Change(s) is detected in main.css of the Web-Client.
[info] [2024-12-06T05:22:02.050Z] : Change(s) is detected in main.css of the Web-Client.
[info] [2024-12-06T05:22:19.469Z] : Change(s) is detected in main.css of the Web-Client.
[info] [2024-12-06T05:22:33.467Z] : Change(s) is detected in main.css of the Web-Client.
[info] [2024-12-06T05:24:40.422Z] : Change(s) is detected in main.css of the Web-Client.
[debug] [2024-12-06T05:24:40.741Z] : > refreshing access token <
[debug] [2024-12-06T05:24:40.743Z] : >>>> HTTP REQUEST : POST https://accounts.zoho.in/oauth/v2/token 
<request body omitted>

[debug] [2024-12-06T05:24:40.989Z] : <<<< HTTP RESPONSE : 200
Response Headers: {"server":"ZGS","date":"Fri, 06 Dec 2024 05:24:18 GMT","content-type":"application/json;charset=UTF-8","content-length":"1948","connection":"keep-alive","set-cookie":["zalb_6e73717622=13e67ac15bc4d3ece130966123511df7; Path=/; Secure; HttpOnly","iamcsr=33796b43-d006-409f-a9b6-e9e908d5b57e;path=/;SameSite=None;Secure;priority=high","_zcsr_tmp=33796b43-d006-409f-a9b6-e9e908d5b57e;path=/;SameSite=Strict;Secure;priority=high"],"cache-control":"no-store","x-content-type-options":"nosniff","content-security-policy":"script-src 'self' 'unsafe-inline' 'unsafe-eval' https://*.zohocdn.com https://*.zoho.com https://*.zoho.eu https://*.zoho.com.cn https://*.zoho.com.au https://*.zoho.jp https://*.zoho.uk https://*.zoho.sa https://*.zohocloud.ca; report-uri https://logsapi.zoho.in/csplog?service=accounts;","pragma":"no-cache","x-frame-options":"SAMEORIGIN","vary":"accept-encoding","content-language":"en-US","strict-transport-security":"max-age=63072000"}

[info] [2024-12-06T05:24:41.844Z] : Change(s) is detected in main.css of the Web-Client.
[info] [2024-12-06T05:24:55.924Z] : Change(s) is detected in main.css of the Web-Client.
[info] [2024-12-06T05:25:09.019Z] : Change(s) is detected in main.css of the Web-Client.
[info] [2024-12-06T05:25:12.634Z] : Change(s) is detected in main.css of the Web-Client.
[info] [2024-12-06T05:25:17.440Z] : Change(s) is detected in main.css of the Web-Client.
[info] [2024-12-06T05:25:18.785Z] : Change(s) is detected in main.css of the Web-Client.
[info] [2024-12-06T05:25:20.884Z] : Change(s) is detected in main.css of the Web-Client.
[info] [2024-12-06T05:25:24.706Z] : Change(s) is detected in main.css of the Web-Client.
[info] [2024-12-06T05:26:11.544Z] : Change(s) is detected in index.html of the Web-Client.
[info] [2024-12-06T05:29:46.859Z] : Change(s) is detected in index.html of the Web-Client.
[info] [2024-12-06T05:30:05.694Z] : Change(s) is detected in main.css of the Web-Client.
[info] [2024-12-06T05:30:25.484Z] : Change(s) is detected in main.css of the Web-Client.
[info] [2024-12-06T05:30:29.957Z] : Change(s) is detected in main.css of the Web-Client.
[info] [2024-12-06T05:30:33.655Z] : Change(s) is detected in main.css of the Web-Client.
[info] [2024-12-06T05:30:40.992Z] : Change(s) is detected in main.css of the Web-Client.
[info] [2024-12-06T05:30:44.393Z] : Change(s) is detected in main.css of the Web-Client.
[info] [2024-12-06T05:30:46.110Z] : Change(s) is detected in main.css of the Web-Client.
[info] [2024-12-06T05:30:49.340Z] : Change(s) is detected in main.css of the Web-Client.
[info] [2024-12-06T05:30:51.113Z] : Change(s) is detected in main.css of the Web-Client.
[info] [2024-12-06T05:30:54.136Z] : Change(s) is detected in main.css of the Web-Client.
[info] [2024-12-06T05:31:00.473Z] : Change(s) is detected in main.css of the Web-Client.
[info] [2024-12-06T05:31:02.716Z] : Change(s) is detected in main.css of the Web-Client.
[info] [2024-12-06T05:31:07.335Z] : Change(s) is detected in main.css of the Web-Client.
[info] [2024-12-06T05:31:12.015Z] : Change(s) is detected in main.css of the Web-Client.
[info] [2024-12-06T05:31:13.408Z] : Change(s) is detected in main.css of the Web-Client.
[info] [2024-12-06T05:31:17.410Z] : Change(s) is detected in main.css of the Web-Client.
[info] [2024-12-06T05:31:18.907Z] : Change(s) is detected in main.css of the Web-Client.
[info] [2024-12-06T05:31:21.807Z] : Change(s) is detected in main.css of the Web-Client.
[info] [2024-12-06T05:31:25.865Z] : Change(s) is detected in main.css of the Web-Client.
[info] [2024-12-06T05:31:27.327Z] : Change(s) is detected in main.css of the Web-Client.
[info] [2024-12-06T05:31:49.844Z] : Change(s) is detected in index.html of the Web-Client.
[info] [2024-12-06T05:31:51.515Z] : Change(s) is detected in index.html of the Web-Client.
[info] [2024-12-06T05:31:57.869Z] : Change(s) is detected in main.css of the Web-Client.
[info] [2024-12-06T05:32:08.616Z] : Change(s) is detected in main.css of the Web-Client.
[info] [2024-12-06T05:32:21.487Z] : Change(s) is detected in main.css of the Web-Client.
[info] [2024-12-06T05:32:27.844Z] : Change(s) is detected in main.css of the Web-Client.
[info] [2024-12-06T05:32:51.342Z] : Change(s) is detected in main.css of the Web-Client.
[info] [2024-12-06T05:32:57.320Z] : Change(s) is detected in main.css of the Web-Client.
[info] [2024-12-06T05:33:08.205Z] : Change(s) is detected in main.css of the Web-Client.
[info] [2024-12-06T05:33:32.052Z] : Change(s) is detected in main.css of the Web-Client.
[info] [2024-12-06T05:33:33.978Z] : Change(s) is detected in main.css of the Web-Client.
[info] [2024-12-06T05:33:37.414Z] : Change(s) is detected in main.css of the Web-Client.
[info] [2024-12-06T05:33:48.159Z] : Change(s) is detected in main.css of the Web-Client.
[info] [2024-12-06T05:33:53.019Z] : Change(s) is detected in main.css of the Web-Client.
[info] [2024-12-06T05:33:56.779Z] : Change(s) is detected in main.css of the Web-Client.
[info] [2024-12-06T05:33:59.276Z] : Change(s) is detected in main.css of the Web-Client.
[info] [2024-12-06T05:34:02.562Z] : Change(s) is detected in main.css of the Web-Client.
[info] [2024-12-06T05:34:04.876Z] : Change(s) is detected in main.css of the Web-Client.
[info] [2024-12-06T05:34:23.554Z] : Change(s) is detected in main.css of the Web-Client.
[info] [2024-12-06T05:34:27.000Z] : Change(s) is detected in main.css of the Web-Client.
[info] [2024-12-06T05:35:57.681Z] : Change(s) is detected in index.html of the Web-Client.
[info] [2024-12-06T05:36:04.311Z] : Change(s) is detected in index.html of the Web-Client.
[info] [2024-12-06T05:36:08.898Z] : Change(s) is detected in index.html of the Web-Client.
[info] [2024-12-06T05:36:16.111Z] : Change(s) is detected in index.html of the Web-Client.
[info] [2024-12-06T05:36:19.087Z] : Change(s) is detected in index.html of the Web-Client.
[info] [2024-12-06T05:36:23.187Z] : Change(s) is detected in index.html of the Web-Client.
[info] [2024-12-06T05:36:28.088Z] : Change(s) is detected in main.css of the Web-Client.
[info] [2024-12-06T05:36:42.032Z] : Change(s) is detected in main.css of the Web-Client.
[info] [2024-12-06T05:36:45.114Z] : Change(s) is detected in main.css of the Web-Client.
[info] [2024-12-06T05:37:18.434Z] : Change(s) is detected in index.html of the Web-Client.
[info] [2024-12-06T05:37:24.169Z] : Change(s) is detected in index.html of the Web-Client.
[info] [2024-12-06T05:37:26.917Z] : Change(s) is detected in index.html of the Web-Client.
[info] [2024-12-06T05:37:30.001Z] : Change(s) is detected in index.html of the Web-Client.
[info] [2024-12-06T05:37:32.511Z] : Change(s) is detected in index.html of the Web-Client.
[info] [2024-12-06T05:37:38.414Z] : Change(s) is detected in index.html of the Web-Client.
[info] [2024-12-06T05:37:41.323Z] : Change(s) is detected in index.html of the Web-Client.
[info] [2024-12-06T05:37:44.067Z] : Change(s) is detected in index.html of the Web-Client.
[info] [2024-12-06T05:37:49.141Z] : Change(s) is detected in index.html of the Web-Client.
[info] [2024-12-06T05:37:50.519Z] : Change(s) is detected in index.html of the Web-Client.
[info] [2024-12-06T05:37:51.681Z] : Change(s) is detected in index.html of the Web-Client.
[info] [2024-12-06T05:37:54.969Z] : Change(s) is detected in index.html of the Web-Client.
[info] [2024-12-06T05:38:18.369Z] : Change(s) is detected in index.html of the Web-Client.
[info] [2024-12-06T05:38:21.792Z] : Change(s) is detected in index.html of the Web-Client.
[info] [2024-12-06T05:38:22.918Z] : Change(s) is detected in index.html of the Web-Client.
[info] [2024-12-06T05:38:24.234Z] : Change(s) is detected in index.html of the Web-Client.
[info] [2024-12-06T05:38:29.633Z] : Change(s) is detected in index.html of the Web-Client.
[info] [2024-12-06T05:38:40.257Z] : Change(s) is detected in index.html of the Web-Client.
[info] [2024-12-06T05:38:41.326Z] : Change(s) is detected in index.html of the Web-Client.
[info] [2024-12-06T05:38:47.058Z] : Change(s) is detected in index.html of the Web-Client.
[info] [2024-12-06T05:38:49.663Z] : Change(s) is detected in index.html of the Web-Client.
[info] [2024-12-06T05:39:05.514Z] : Change(s) is detected in main.css of the Web-Client.
[info] [2024-12-06T05:39:10.995Z] : Change(s) is detected in main.css of the Web-Client.
[info] [2024-12-06T05:39:13.169Z] : Change(s) is detected in main.css of the Web-Client.
[info] [2024-12-06T05:39:19.750Z] : Change(s) is detected in main.css of the Web-Client.
[info] [2024-12-06T05:39:32.777Z] : Change(s) is detected in main.css of the Web-Client.
[info] [2024-12-06T05:39:33.802Z] : Change(s) is detected in main.css of the Web-Client.
[info] [2024-12-06T05:40:18.286Z] : Change(s) is detected in main.css of the Web-Client.
[info] [2024-12-06T05:40:21.156Z] : Change(s) is detected in main.css of the Web-Client.
[info] [2024-12-06T05:40:25.716Z] : Change(s) is detected in main.css of the Web-Client.
[info] [2024-12-06T05:40:27.055Z] : Change(s) is detected in main.css of the Web-Client.
[info] [2024-12-06T05:41:11.165Z] : Change(s) is detected in main.css of the Web-Client.
[info] [2024-12-06T05:41:14.956Z] : Change(s) is detected in main.css of the Web-Client.
[info] [2024-12-06T05:41:27.531Z] : Change(s) is detected in main.css of the Web-Client.
[info] [2024-12-06T05:41:52.890Z] : Change(s) is detected in index.html of the Web-Client.
[info] [2024-12-06T05:41:55.002Z] : Change(s) is detected in index.html of the Web-Client.
[info] [2024-12-06T05:41:58.259Z] : Change(s) is detected in index.html of the Web-Client.
[info] [2024-12-06T05:42:08.004Z] : Change(s) is detected in index.html of the Web-Client.
[info] [2024-12-06T05:42:13.027Z] : Change(s) is detected in index.html of the Web-Client.
[info] [2024-12-06T05:42:14.270Z] : Change(s) is detected in index.html of the Web-Client.
[info] [2024-12-06T05:46:23.345Z] : Change(s) is detected in index.html of the Web-Client.
[info] [2024-12-06T05:46:54.359Z] : Change(s) is detected in main.css of the Web-Client.
[info] [2024-12-06T05:47:30.872Z] : Change(s) is detected in main.css of the Web-Client.
[info] [2024-12-06T05:47:34.705Z] : Change(s) is detected in main.css of the Web-Client.
[info] [2024-12-06T05:49:19.510Z] : Change(s) is detected in main.css of the Web-Client.
[info] [2024-12-06T05:49:33.904Z] : Change(s) is detected in main.css of the Web-Client.
[info] [2024-12-06T05:49:35.072Z] : Change(s) is detected in main.css of the Web-Client.
[info] [2024-12-06T05:49:37.072Z] : Change(s) is detected in main.css of the Web-Client.
[info] [2024-12-06T05:49:39.118Z] : Change(s) is detected in main.css of the Web-Client.
[info] [2024-12-06T05:49:41.366Z] : Change(s) is detected in main.css of the Web-Client.
[info] [2024-12-06T05:49:42.659Z] : Change(s) is detected in main.css of the Web-Client.
[info] [2024-12-06T05:49:45.433Z] : Change(s) is detected in main.css of the Web-Client.
[info] [2024-12-06T05:50:03.326Z] : Change(s) is detected in main.css of the Web-Client.
[info] [2024-12-06T05:50:04.735Z] : Change(s) is detected in main.css of the Web-Client.
[info] [2024-12-06T05:50:16.181Z] : Change(s) is detected in main.css of the Web-Client.
[info] [2024-12-06T05:50:26.197Z] : Change(s) is detected in main.css of the Web-Client.
[info] [2024-12-06T05:50:32.211Z] : Change(s) is detected in main.css of the Web-Client.
[info] [2024-12-06T05:50:34.998Z] : Change(s) is detected in main.css of the Web-Client.
[info] [2024-12-06T05:50:48.407Z] : Change(s) is detected in main.css of the Web-Client.
[info] [2024-12-06T05:51:08.018Z] : Change(s) is detected in main.css of the Web-Client.
[info] [2024-12-06T05:51:56.141Z] : Change(s) is detected in main.css of the Web-Client.
[info] [2024-12-06T05:51:57.871Z] : Change(s) is detected in main.css of the Web-Client.
[info] [2024-12-06T05:52:01.036Z] : Change(s) is detected in main.css of the Web-Client.
[info] [2024-12-06T05:52:04.206Z] : Change(s) is detected in main.css of the Web-Client.
[info] [2024-12-06T05:52:06.415Z] : Change(s) is detected in main.css of the Web-Client.
[info] [2024-12-06T05:52:10.600Z] : Change(s) is detected in main.css of the Web-Client.
[info] [2024-12-06T05:52:22.567Z] : Change(s) is detected in main.css of the Web-Client.
[info] [2024-12-06T05:52:37.821Z] : Change(s) is detected in main.css of the Web-Client.
[info] [2024-12-06T05:53:02.263Z] : Change(s) is detected in main.css of the Web-Client.
[info] [2024-12-06T05:53:03.321Z] : Change(s) is detected in main.css of the Web-Client.
[info] [2024-12-06T05:53:07.475Z] : Change(s) is detected in main.css of the Web-Client.
[info] [2024-12-06T05:53:14.799Z] : Change(s) is detected in main.css of the Web-Client.
[info] [2024-12-06T05:53:17.233Z] : Change(s) is detected in main.css of the Web-Client.
[info] [2024-12-06T05:55:36.622Z] : Change(s) is detected in main.css of the Web-Client.
[info] [2024-12-06T05:59:12.691Z] : Change(s) is detected in main.css of the Web-Client.
[info] [2024-12-06T05:59:32.682Z] : Change(s) is detected in index.html of the Web-Client.
[info] [2024-12-06T05:59:35.767Z] : Change(s) is detected in index.html of the Web-Client.
[info] [2024-12-06T05:59:38.367Z] : Change(s) is detected in index.html of the Web-Client.
[info] [2024-12-06T05:59:40.686Z] : Change(s) is detected in index.html of the Web-Client.
[info] [2024-12-06T05:59:44.404Z] : Change(s) is detected in index.html of the Web-Client.
[info] [2024-12-06T05:59:52.767Z] : Change(s) is detected in index.html of the Web-Client.
[info] [2024-12-06T05:59:56.360Z] : Change(s) is detected in index.html of the Web-Client.
[info] [2024-12-06T06:00:01.392Z] : Change(s) is detected in index.html of the Web-Client.
[info] [2024-12-06T06:00:04.624Z] : Change(s) is detected in index.html of the Web-Client.
[info] [2024-12-06T06:00:06.637Z] : Change(s) is detected in index.html of the Web-Client.
[info] [2024-12-06T06:00:09.940Z] : Change(s) is detected in index.html of the Web-Client.
[info] [2024-12-06T06:00:12.189Z] : Change(s) is detected in index.html of the Web-Client.
[info] [2024-12-06T06:00:15.903Z] : Change(s) is detected in index.html of the Web-Client.
[info] [2024-12-06T06:00:17.877Z] : Change(s) is detected in index.html of the Web-Client.
[info] [2024-12-06T06:00:49.125Z] : Change(s) is detected in main.css of the Web-Client.
[info] [2024-12-06T06:00:54.405Z] : Change(s) is detected in main.css of the Web-Client.
[info] [2024-12-06T06:00:58.943Z] : Change(s) is detected in main.css of the Web-Client.
[info] [2024-12-06T06:01:03.359Z] : Change(s) is detected in main.css of the Web-Client.
[info] [2024-12-06T06:01:05.692Z] : Change(s) is detected in main.css of the Web-Client.
[info] [2024-12-06T06:01:07.963Z] : Change(s) is detected in main.css of the Web-Client.
[info] [2024-12-06T06:01:11.999Z] : Change(s) is detected in main.css of the Web-Client.
[info] [2024-12-06T06:01:16.378Z] : Change(s) is detected in main.css of the Web-Client.
[info] [2024-12-06T06:01:19.629Z] : Change(s) is detected in main.css of the Web-Client.
[info] [2024-12-06T06:01:20.763Z] : Change(s) is detected in main.css of the Web-Client.
[info] [2024-12-06T06:01:25.943Z] : Change(s) is detected in main.css of the Web-Client.
[info] [2024-12-06T06:01:27.842Z] : Change(s) is detected in main.css of the Web-Client.
[info] [2024-12-06T06:01:31.255Z] : Change(s) is detected in main.css of the Web-Client.
[info] [2024-12-06T06:01:43.190Z] : Change(s) is detected in main.css of the Web-Client.
[info] [2024-12-06T06:01:59.559Z] : Change(s) is detected in main.css of the Web-Client.
[info] [2024-12-06T06:02:43.862Z] : Change(s) is detected in main.css of the Web-Client.
[info] [2024-12-06T06:02:45.629Z] : Change(s) is detected in main.css of the Web-Client.
[info] [2024-12-06T06:02:56.327Z] : Change(s) is detected in main.css of the Web-Client.
[info] [2024-12-06T06:03:00.397Z] : Change(s) is detected in main.css of the Web-Client.
[info] [2024-12-06T06:08:00.298Z] : Change(s) is detected in index.html of the Web-Client.
[info] [2024-12-06T06:08:04.503Z] : Change(s) is detected in index.html of the Web-Client.
[info] [2024-12-06T06:08:14.873Z] : Change(s) is detected in index.html of the Web-Client.
[info] [2024-12-06T06:08:23.611Z] : Change(s) is detected in index.html of the Web-Client.
[info] [2024-12-06T06:08:28.007Z] : Change(s) is detected in index.html of the Web-Client.
[info] [2024-12-06T06:08:29.690Z] : Change(s) is detected in index.html of the Web-Client.
[info] [2024-12-06T06:08:33.571Z] : Change(s) is detected in index.html of the Web-Client.
[info] [2024-12-06T06:08:37.164Z] : Change(s) is detected in index.html of the Web-Client.
[info] [2024-12-06T06:08:50.317Z] : Change(s) is detected in index.html of the Web-Client.
[info] [2024-12-06T06:08:52.512Z] : Change(s) is detected in index.html of the Web-Client.
[info] [2024-12-06T06:09:00.713Z] : Change(s) is detected in index.html of the Web-Client.
[info] [2024-12-06T06:09:03.038Z] : Change(s) is detected in index.html of the Web-Client.
[info] [2024-12-06T06:09:06.922Z] : Change(s) is detected in index.html of the Web-Client.
[info] [2024-12-06T06:09:21.372Z] : Change(s) is detected in main.css of the Web-Client.
[info] [2024-12-06T06:09:25.270Z] : Change(s) is detected in main.css of the Web-Client.
[info] [2024-12-06T06:09:27.481Z] : Change(s) is detected in main.css of the Web-Client.
[info] [2024-12-06T06:09:39.301Z] : Change(s) is detected in main.css of the Web-Client.
[info] [2024-12-06T06:09:41.176Z] : Change(s) is detected in main.css of the Web-Client.
[info] [2024-12-06T06:09:46.376Z] : Change(s) is detected in main.css of the Web-Client.
[info] [2024-12-06T06:09:48.368Z] : Change(s) is detected in main.css of the Web-Client.
[info] [2024-12-06T06:09:51.374Z] : Change(s) is detected in main.css of the Web-Client.
[info] [2024-12-06T06:09:52.621Z] : Change(s) is detected in main.css of the Web-Client.
[info] [2024-12-06T06:10:29.472Z] : Change(s) is detected in main.css of the Web-Client.
[info] [2024-12-06T06:10:46.772Z] : Change(s) is detected in main.css of the Web-Client.
[info] [2024-12-06T06:11:17.123Z] : Change(s) is detected in main.css of the Web-Client.
[info] [2024-12-06T06:11:20.550Z] : Change(s) is detected in main.css of the Web-Client.
[info] [2024-12-06T06:11:23.557Z] : Change(s) is detected in main.css of the Web-Client.
[info] [2024-12-06T06:11:28.601Z] : Change(s) is detected in main.css of the Web-Client.
[info] [2024-12-06T06:11:40.343Z] : Change(s) is detected in main.css of the Web-Client.
[info] [2024-12-06T06:11:46.779Z] : Change(s) is detected in main.css of the Web-Client.
[info] [2024-12-06T06:11:48.714Z] : Change(s) is detected in main.css of the Web-Client.
[info] [2024-12-06T06:12:24.585Z] : Change(s) is detected in main.css of the Web-Client.
[info] [2024-12-06T06:12:43.590Z] : Change(s) is detected in main.css of the Web-Client.
[info] [2024-12-06T06:12:45.455Z] : Change(s) is detected in main.css of the Web-Client.
[info] [2024-12-06T06:13:02.980Z] : Change(s) is detected in main.css of the Web-Client.
[info] [2024-12-06T06:13:13.728Z] : Change(s) is detected in main.css of the Web-Client.
[info] [2024-12-06T06:13:26.429Z] : Change(s) is detected in main.css of the Web-Client.
[info] [2024-12-06T06:13:33.618Z] : Change(s) is detected in main.css of the Web-Client.
[info] [2024-12-06T06:13:35.452Z] : Change(s) is detected in main.css of the Web-Client.
[info] [2024-12-06T06:13:47.463Z] : Change(s) is detected in main.css of the Web-Client.
[info] [2024-12-06T06:13:49.035Z] : Change(s) is detected in main.css of the Web-Client.
[info] [2024-12-06T06:13:53.836Z] : Change(s) is detected in main.css of the Web-Client.
[info] [2024-12-06T06:14:09.791Z] : Change(s) is detected in main.css of the Web-Client.
[info] [2024-12-06T06:14:14.075Z] : Change(s) is detected in main.css of the Web-Client.
[info] [2024-12-06T06:14:15.480Z] : Change(s) is detected in main.css of the Web-Client.
[info] [2024-12-06T06:14:25.387Z] : Change(s) is detected in main.css of the Web-Client.
[info] [2024-12-06T06:14:28.123Z] : Change(s) is detected in main.css of the Web-Client.
[info] [2024-12-06T06:14:29.226Z] : Change(s) is detected in main.css of the Web-Client.
[info] [2024-12-06T06:14:45.638Z] : Change(s) is detected in index.html of the Web-Client.
[info] [2024-12-06T06:14:47.254Z] : Change(s) is detected in index.html of the Web-Client.
[info] [2024-12-06T06:14:55.647Z] : Change(s) is detected in index.html of the Web-Client.
[info] [2024-12-06T06:14:57.223Z] : Change(s) is detected in index.html of the Web-Client.
[info] [2024-12-06T06:14:59.476Z] : Change(s) is detected in index.html of the Web-Client.
[info] [2024-12-06T06:15:01.835Z] : Change(s) is detected in index.html of the Web-Client.
[info] [2024-12-06T06:15:06.469Z] : Change(s) is detected in index.html of the Web-Client.
[info] [2024-12-06T06:15:12.631Z] : Change(s) is detected in index.html of the Web-Client.
[info] [2024-12-06T06:15:14.507Z] : Change(s) is detected in index.html of the Web-Client.
[info] [2024-12-06T06:15:57.708Z] : Change(s) is detected in main.css of the Web-Client.
[info] [2024-12-06T06:16:01.924Z] : Change(s) is detected in main.css of the Web-Client.
[info] [2024-12-06T06:16:04.062Z] : Change(s) is detected in main.css of the Web-Client.
[info] [2024-12-06T06:16:06.113Z] : Change(s) is detected in main.css of the Web-Client.
[info] [2024-12-06T06:16:10.587Z] : Change(s) is detected in main.css of the Web-Client.
[info] [2024-12-06T06:16:12.293Z] : Change(s) is detected in main.css of the Web-Client.
[info] [2024-12-06T06:16:13.561Z] : Change(s) is detected in main.css of the Web-Client.
[info] [2024-12-06T06:16:17.536Z] : Change(s) is detected in main.css of the Web-Client.
[info] [2024-12-06T06:16:30.989Z] : Change(s) is detected in main.css of the Web-Client.
[info] [2024-12-06T06:16:32.769Z] : Change(s) is detected in main.css of the Web-Client.
[info] [2024-12-06T06:16:35.012Z] : Change(s) is detected in main.css of the Web-Client.
[info] [2024-12-06T06:16:37.540Z] : Change(s) is detected in main.css of the Web-Client.
[info] [2024-12-06T06:16:46.174Z] : Change(s) is detected in index.html of the Web-Client.
[info] [2024-12-06T06:17:07.815Z] : Change(s) is detected in index.html of the Web-Client.
[info] [2024-12-06T06:17:13.909Z] : Change(s) is detected in index.html of the Web-Client.
[info] [2024-12-06T06:17:15.916Z] : Change(s) is detected in index.html of the Web-Client.
[info] [2024-12-06T06:17:20.638Z] : Change(s) is detected in index.html of the Web-Client.
[info] [2024-12-06T06:17:22.888Z] : Change(s) is detected in index.html of the Web-Client.
[info] [2024-12-06T06:20:51.473Z] : Change(s) is detected in index.html of the Web-Client.
[info] [2024-12-06T06:20:55.662Z] : Change(s) is detected in index.html of the Web-Client.
[info] [2024-12-06T06:21:01.845Z] : Change(s) is detected in index.html of the Web-Client.
[info] [2024-12-06T06:21:03.633Z] : Change(s) is detected in index.html of the Web-Client.
[info] [2024-12-06T06:21:06.362Z] : Change(s) is detected in index.html of the Web-Client.
[info] [2024-12-06T06:21:16.206Z] : Change(s) is detected in index.html of the Web-Client.
[info] [2024-12-06T06:21:21.018Z] : Change(s) is detected in index.html of the Web-Client.
[info] [2024-12-06T06:21:23.995Z] : Change(s) is detected in index.html of the Web-Client.
[info] [2024-12-06T06:21:25.982Z] : Change(s) is detected in index.html of the Web-Client.
[info] [2024-12-06T06:21:27.782Z] : Change(s) is detected in index.html of the Web-Client.
[info] [2024-12-06T06:21:29.119Z] : Change(s) is detected in index.html of the Web-Client.
[info] [2024-12-06T06:21:30.381Z] : Change(s) is detected in index.html of the Web-Client.
[info] [2024-12-06T06:21:45.715Z] : Change(s) is detected in index.html of the Web-Client.
[info] [2024-12-06T06:22:10.989Z] : Change(s) is detected in index.html of the Web-Client.
[info] [2024-12-06T06:22:15.384Z] : Change(s) is detected in index.html of the Web-Client.
[info] [2024-12-06T06:22:16.437Z] : Change(s) is detected in index.html of the Web-Client.
[info] [2024-12-06T06:22:28.506Z] : Change(s) is detected in index.html of the Web-Client.
[info] [2024-12-06T06:22:29.766Z] : Change(s) is detected in index.html of the Web-Client.
[info] [2024-12-06T06:22:50.821Z] : Change(s) is detected in main.css of the Web-Client.
[info] [2024-12-06T06:23:01.519Z] : Change(s) is detected in main.css of the Web-Client.
[info] [2024-12-06T06:23:03.549Z] : Change(s) is detected in main.css of the Web-Client.
[info] [2024-12-06T06:23:05.477Z] : Change(s) is detected in main.css of the Web-Client.
[info] [2024-12-06T06:23:08.163Z] : Change(s) is detected in main.css of the Web-Client.
[info] [2024-12-06T06:23:11.903Z] : Change(s) is detected in main.css of the Web-Client.
[info] [2024-12-06T06:23:13.230Z] : Change(s) is detected in main.css of the Web-Client.
[info] [2024-12-06T06:23:17.376Z] : Change(s) is detected in main.css of the Web-Client.
[info] [2024-12-06T06:23:19.540Z] : Change(s) is detected in main.css of the Web-Client.
[info] [2024-12-06T06:23:24.705Z] : Change(s) is detected in main.css of the Web-Client.
[info] [2024-12-06T06:23:27.028Z] : Change(s) is detected in main.css of the Web-Client.
[info] [2024-12-06T06:23:28.911Z] : Change(s) is detected in main.css of the Web-Client.
[info] [2024-12-06T06:23:54.303Z] : Change(s) is detected in main.css of the Web-Client.
[info] [2024-12-06T06:25:03.500Z] : Change(s) is detected in main.css of the Web-Client.
[debug] [2024-12-06T06:25:03.827Z] : > refreshing access token <
[debug] [2024-12-06T06:25:03.839Z] : >>>> HTTP REQUEST : POST https://accounts.zoho.in/oauth/v2/token 
<request body omitted>

[debug] [2024-12-06T06:25:04.109Z] : <<<< HTTP RESPONSE : 200
Response Headers: {"server":"ZGS","date":"Fri, 06 Dec 2024 06:24:41 GMT","content-type":"application/json;charset=UTF-8","content-length":"1948","connection":"keep-alive","set-cookie":["zalb_6e73717622=cc36c6f8a6790832246efd66c032e512; Path=/; Secure; HttpOnly","iamcsr=6ad59367-5b3a-44be-8ed1-63affa15a6d7;path=/;SameSite=None;Secure;priority=high","_zcsr_tmp=6ad59367-5b3a-44be-8ed1-63affa15a6d7;path=/;SameSite=Strict;Secure;priority=high"],"cache-control":"no-store","x-content-type-options":"nosniff","content-security-policy":"script-src 'self' 'unsafe-inline' 'unsafe-eval' https://*.zohocdn.com https://*.zoho.com https://*.zoho.eu https://*.zoho.com.cn https://*.zoho.com.au https://*.zoho.jp https://*.zoho.uk https://*.zoho.sa https://*.zohocloud.ca; report-uri https://logsapi.zoho.in/csplog?service=accounts;","pragma":"no-cache","x-frame-options":"SAMEORIGIN","vary":"accept-encoding","content-language":"en-US","strict-transport-security":"max-age=63072000"}

[info] [2024-12-06T06:25:13.488Z] : Change(s) is detected in main.css of the Web-Client.
[info] [2024-12-06T06:25:17.965Z] : Change(s) is detected in main.css of the Web-Client.
[info] [2024-12-06T06:25:19.853Z] : Change(s) is detected in main.css of the Web-Client.
[info] [2024-12-06T06:25:36.956Z] : Change(s) is detected in main.css of the Web-Client.
[info] [2024-12-06T06:25:39.155Z] : Change(s) is detected in main.css of the Web-Client.
[info] [2024-12-06T06:25:45.333Z] : Change(s) is detected in main.css of the Web-Client.
[info] [2024-12-06T06:25:53.513Z] : Change(s) is detected in main.css of the Web-Client.
[info] [2024-12-06T06:25:56.916Z] : Change(s) is detected in main.css of the Web-Client.
[info] [2024-12-06T06:26:01.971Z] : Change(s) is detected in main.css of the Web-Client.
[info] [2024-12-06T06:26:05.427Z] : Change(s) is detected in main.css of the Web-Client.
[info] [2024-12-06T06:26:18.443Z] : Change(s) is detected in main.css of the Web-Client.
[info] [2024-12-06T06:26:20.649Z] : Change(s) is detected in main.css of the Web-Client.
[info] [2024-12-06T06:26:23.989Z] : Change(s) is detected in main.css of the Web-Client.
[info] [2024-12-06T06:26:28.055Z] : Change(s) is detected in main.css of the Web-Client.
[info] [2024-12-06T06:26:29.627Z] : Change(s) is detected in main.css of the Web-Client.
[info] [2024-12-06T06:26:32.350Z] : Change(s) is detected in main.css of the Web-Client.
[info] [2024-12-06T06:26:35.995Z] : Change(s) is detected in main.css of the Web-Client.
[info] [2024-12-06T06:26:37.219Z] : Change(s) is detected in main.css of the Web-Client.
[info] [2024-12-06T06:26:54.685Z] : Change(s) is detected in main.css of the Web-Client.
[info] [2024-12-06T06:26:58.098Z] : Change(s) is detected in main.css of the Web-Client.
[info] [2024-12-06T06:27:08.008Z] : Change(s) is detected in main.css of the Web-Client.
[info] [2024-12-06T06:27:09.521Z] : Change(s) is detected in main.css of the Web-Client.
[info] [2024-12-06T06:44:56.811Z] : Change(s) is detected in main.css of the Web-Client.
[info] [2024-12-06T06:44:59.902Z] : Change(s) is detected in main.css of the Web-Client.
[info] [2024-12-06T06:45:21.110Z] : Change(s) is detected in main.css of the Web-Client.
[info] [2024-12-06T06:45:26.576Z] : Change(s) is detected in main.css of the Web-Client.
[info] [2024-12-06T06:45:29.699Z] : Change(s) is detected in main.css of the Web-Client.
[info] [2024-12-06T06:45:33.402Z] : Change(s) is detected in main.css of the Web-Client.
[info] [2024-12-06T06:45:34.622Z] : Change(s) is detected in main.css of the Web-Client.
[info] [2024-12-06T06:46:00.562Z] : Change(s) is detected in main.css of the Web-Client.
[info] [2024-12-06T06:46:02.352Z] : Change(s) is detected in main.css of the Web-Client.
[info] [2024-12-06T06:46:28.920Z] : Change(s) is detected in main.css of the Web-Client.
[info] [2024-12-06T06:46:30.215Z] : Change(s) is detected in main.css of the Web-Client.
[info] [2024-12-06T06:46:33.480Z] : Change(s) is detected in main.css of the Web-Client.
[info] [2024-12-06T06:46:34.611Z] : Change(s) is detected in main.css of the Web-Client.
[info] [2024-12-06T06:51:23.453Z] : Change(s) is detected in main.css of the Web-Client.
[info] [2024-12-06T06:51:26.819Z] : Change(s) is detected in main.css of the Web-Client.
[info] [2024-12-06T06:51:29.249Z] : Change(s) is detected in main.css of the Web-Client.
[info] [2024-12-06T06:51:46.114Z] : Change(s) is detected in main.css of the Web-Client.
[info] [2024-12-06T06:51:54.684Z] : Change(s) is detected in main.css of the Web-Client.
[info] [2024-12-06T06:51:57.717Z] : Change(s) is detected in main.css of the Web-Client.
[info] [2024-12-06T06:52:00.583Z] : Change(s) is detected in main.css of the Web-Client.
[info] [2024-12-06T06:52:19.143Z] : Change(s) is detected in main.css of the Web-Client.
[info] [2024-12-06T06:52:26.487Z] : Change(s) is detected in main.css of the Web-Client.
[info] [2024-12-06T06:52:27.888Z] : Change(s) is detected in main.css of the Web-Client.
[info] [2024-12-06T06:52:31.595Z] : Change(s) is detected in main.css of the Web-Client.
[info] [2024-12-06T06:52:49.412Z] : Change(s) is detected in main.css of the Web-Client.
[info] [2024-12-06T06:52:53.143Z] : Change(s) is detected in main.css of the Web-Client.
[info] [2024-12-06T06:53:24.744Z] : Change(s) is detected in main.css of the Web-Client.
[info] [2024-12-06T06:53:35.676Z] : Change(s) is detected in main.css of the Web-Client.
[info] [2024-12-06T06:53:45.893Z] : Change(s) is detected in main.css of the Web-Client.
[info] [2024-12-06T06:53:54.719Z] : Change(s) is detected in main.css of the Web-Client.
[info] [2024-12-06T06:54:08.181Z] : Change(s) is detected in main.css of the Web-Client.
[info] [2024-12-06T06:54:12.280Z] : Change(s) is detected in main.css of the Web-Client.
[info] [2024-12-06T06:54:23.036Z] : Change(s) is detected in main.css of the Web-Client.
[info] [2024-12-06T06:54:28.944Z] : Change(s) is detected in main.css of the Web-Client.
[info] [2024-12-06T06:54:32.194Z] : Change(s) is detected in main.css of the Web-Client.
[info] [2024-12-06T06:54:49.428Z] : Change(s) is detected in main.css of the Web-Client.
[info] [2024-12-06T06:54:52.565Z] : Change(s) is detected in main.css of the Web-Client.
[info] [2024-12-06T06:55:15.741Z] : Change(s) is detected in main.css of the Web-Client.
[info] [2024-12-06T06:55:30.525Z] : Change(s) is detected in main.css of the Web-Client.
[info] [2024-12-06T06:56:24.976Z] : Change(s) is detected in main.css of the Web-Client.
[info] [2024-12-06T06:56:28.032Z] : Change(s) is detected in main.css of the Web-Client.
[info] [2024-12-06T06:56:30.095Z] : Change(s) is detected in main.css of the Web-Client.
[info] [2024-12-06T06:56:43.632Z] : Change(s) is detected in main.css of the Web-Client.
[info] [2024-12-06T06:56:47.072Z] : Change(s) is detected in main.css of the Web-Client.
[info] [2024-12-06T06:56:48.378Z] : Change(s) is detected in main.css of the Web-Client.
[info] [2024-12-06T06:56:51.606Z] : Change(s) is detected in main.css of the Web-Client.
[info] [2024-12-06T06:56:52.698Z] : Change(s) is detected in main.css of the Web-Client.
[info] [2024-12-06T06:56:55.144Z] : Change(s) is detected in main.css of the Web-Client.
[info] [2024-12-06T06:56:58.922Z] : Change(s) is detected in main.css of the Web-Client.
[info] [2024-12-06T06:57:00.678Z] : Change(s) is detected in main.css of the Web-Client.
[info] [2024-12-06T06:57:03.382Z] : Change(s) is detected in main.css of the Web-Client.
[info] [2024-12-06T06:57:24.528Z] : Change(s) is detected in main.css of the Web-Client.
[info] [2024-12-06T06:57:26.118Z] : Change(s) is detected in main.css of the Web-Client.
[info] [2024-12-06T06:57:51.771Z] : Change(s) is detected in main.css of the Web-Client.
[info] [2024-12-06T06:59:07.774Z] : Change(s) is detected in main.css of the Web-Client.
[info] [2024-12-06T06:59:50.513Z] : Change(s) is detected in main.css of the Web-Client.
[info] [2024-12-06T06:59:52.603Z] : Change(s) is detected in main.css of the Web-Client.
[info] [2024-12-06T07:00:00.307Z] : Change(s) is detected in main.css of the Web-Client.
[info] [2024-12-06T07:00:22.887Z] : Change(s) is detected in main.css of the Web-Client.
[info] [2024-12-06T07:01:12.431Z] : Change(s) is detected in main.css of the Web-Client.
[info] [2024-12-06T07:01:15.957Z] : Change(s) is detected in main.css of the Web-Client.
